INFO:root:lr_a = 0.002987611518856283, lr_c = 0.004945899295333642, batch_size = 149
INFO:root:lr_a = 0.002987611518856283, lr_c = 0.004945899295333642, batch_size = 149
INFO:root:Episode: 0, length: 1000, reward: -406.37, ewma reward: -20.32, value loss: 0.00, policy loss: 0.27
INFO:root:Episode: 10, length: 1000, reward: -450.52, ewma reward: -178.42, value loss: 0.15, policy loss: -6.81
INFO:root:Episode: 20, length: 1000, reward: -386.33, ewma reward: -248.05, value loss: 1.20, policy loss: -13.40
INFO:root:Episode: 30, length: 1000, reward: -450.05, ewma reward: -295.63, value loss: 5.33, policy loss: -52.23
INFO:root:Episode: 40, length: 1000, reward: -627.31, ewma reward: -334.28, value loss: 8.43, policy loss: -70.99
INFO:root:Episode: 50, length: 1000, reward: 483.21, ewma reward: -45.83, value loss: 11.63, policy loss: -79.18
INFO:root:Episode: 60, length: 1000, reward: -285.34, ewma reward: 299.74, value loss: 13.62, policy loss: -93.50
INFO:root:Episode: 70, length: 1000, reward: 1270.90, ewma reward: 309.57, value loss: 19.11, policy loss: -102.26
INFO:root:Episode: 80, length: 1000, reward: -411.77, ewma reward: 54.60, value loss: 17.53, policy loss: -103.39
INFO:root:Episode: 90, length: 1000, reward: -79.16, ewma reward: 65.88, value loss: 21.96, policy loss: -105.18
INFO:root:Episode: 100, length: 1000, reward: 1707.95, ewma reward: 227.21, value loss: 23.66, policy loss: -107.01
INFO:root:Episode: 110, length: 1000, reward: 1309.96, ewma reward: 709.89, value loss: 33.07, policy loss: -116.66
INFO:root:Episode: 120, length: 1000, reward: 1168.51, ewma reward: 1037.08, value loss: 39.37, policy loss: -141.90
INFO:root:Episode: 130, length: 1000, reward: 1128.77, ewma reward: 934.47, value loss: 45.81, policy loss: -150.05
INFO:root:Episode: 140, length: 1000, reward: 926.40, ewma reward: 992.99, value loss: 59.84, policy loss: -156.48
INFO:root:Episode: 150, length: 1000, reward: 255.71, ewma reward: 997.54, value loss: 68.59, policy loss: -162.16
INFO:root:Episode: 160, length: 1000, reward: 1800.09, ewma reward: 937.09, value loss: 82.05, policy loss: -170.16
INFO:root:Episode: 170, length: 1000, reward: -708.68, ewma reward: 500.42, value loss: 130.05, policy loss: -170.46
INFO:root:Episode: 180, length: 1000, reward: -227.60, ewma reward: 163.75, value loss: 150.55, policy loss: -138.60
INFO:root:Episode: 190, length: 1000, reward: 827.94, ewma reward: 164.43, value loss: 92.90, policy loss: -114.52
INFO:root:Episode: 200, length: 1000, reward: 1839.87, ewma reward: 448.71, value loss: 46.85, policy loss: -119.20
INFO:root:Episode: 210, length: 1000, reward: 1939.75, ewma reward: 718.11, value loss: 57.01, policy loss: -117.79
INFO:root:Episode: 220, length: 1000, reward: 1240.19, ewma reward: 966.83, value loss: 49.49, policy loss: -113.32
INFO:root:Episode: 230, length: 1000, reward: 1065.12, ewma reward: 1026.80, value loss: 56.15, policy loss: -114.58
INFO:root:Episode: 240, length: 1000, reward: 960.82, ewma reward: 897.39, value loss: 54.20, policy loss: -125.73
INFO:root:Episode: 250, length: 1000, reward: -176.84, ewma reward: 899.98, value loss: 47.38, policy loss: -135.51
INFO:root:Episode: 260, length: 1000, reward: -294.73, ewma reward: 598.73, value loss: 113.54, policy loss: -123.30
INFO:root:Episode: 270, length: 1000, reward: 630.39, ewma reward: 464.29, value loss: 120.66, policy loss: -116.09
INFO:root:Episode: 280, length: 1000, reward: 1072.98, ewma reward: 444.74, value loss: 86.13, policy loss: -132.78
INFO:root:Episode: 290, length: 1000, reward: -107.70, ewma reward: 327.48, value loss: 47.03, policy loss: -136.57
INFO:root:Episode: 300, length: 1000, reward: -363.53, ewma reward: 160.63, value loss: 61.10, policy loss: -129.36
INFO:root:Episode: 310, length: 1000, reward: 949.80, ewma reward: 234.72, value loss: 71.69, policy loss: -118.36
INFO:root:Episode: 320, length: 1000, reward: -502.00, ewma reward: 33.29, value loss: 74.15, policy loss: -101.25
INFO:root:Episode: 330, length: 1000, reward: 1226.15, ewma reward: 118.39, value loss: 40.06, policy loss: -97.84
INFO:root:Episode: 340, length: 1000, reward: -824.49, ewma reward: 59.91, value loss: 46.50, policy loss: -88.22
INFO:root:Episode: 350, length: 1000, reward: 1298.53, ewma reward: 415.72, value loss: 37.66, policy loss: -81.10
INFO:root:Episode: 360, length: 1000, reward: 1029.50, ewma reward: 409.05, value loss: 62.92, policy loss: -84.34
INFO:root:Episode: 370, length: 1000, reward: 1522.09, ewma reward: 347.32, value loss: 59.09, policy loss: -74.13
INFO:root:Episode: 380, length: 1000, reward: 703.61, ewma reward: 545.00, value loss: 50.39, policy loss: -84.62
INFO:root:Episode: 390, length: 1000, reward: 1204.23, ewma reward: 746.39, value loss: 64.23, policy loss: -96.95
INFO:root:Episode: 400, length: 1000, reward: 321.00, ewma reward: 462.25, value loss: 94.94, policy loss: -105.12
INFO:root:Episode: 410, length: 1000, reward: 481.79, ewma reward: 222.35, value loss: 119.79, policy loss: -105.36
INFO:root:Episode: 420, length: 1000, reward: -139.99, ewma reward: 101.61, value loss: 82.98, policy loss: -105.22
INFO:root:Episode: 430, length: 1000, reward: -227.11, ewma reward: 17.72, value loss: 80.74, policy loss: -88.57
INFO:root:Episode: 440, length: 1000, reward: 166.80, ewma reward: -113.91, value loss: 69.67, policy loss: -81.15
INFO:root:Episode: 450, length: 1000, reward: -582.94, ewma reward: -231.78, value loss: 83.23, policy loss: -68.46
INFO:root:Episode: 460, length: 1000, reward: 864.06, ewma reward: -99.28, value loss: 67.88, policy loss: -69.68
INFO:root:Episode: 470, length: 1000, reward: 973.66, ewma reward: 276.96, value loss: 61.26, policy loss: -83.45
INFO:root:Episode: 480, length: 1000, reward: 975.76, ewma reward: 539.96, value loss: 51.88, policy loss: -85.05
INFO:root:Episode: 490, length: 1000, reward: 992.53, ewma reward: 676.60, value loss: 43.56, policy loss: -86.02
INFO:root:Episode: 500, length: 1000, reward: 849.59, ewma reward: 770.45, value loss: 39.47, policy loss: -89.48
INFO:root:Episode: 510, length: 1000, reward: 927.56, ewma reward: 799.59, value loss: 45.47, policy loss: -100.35
INFO:root:Episode: 520, length: 1000, reward: 966.16, ewma reward: 855.55, value loss: 44.47, policy loss: -107.58
INFO:root:Episode: 530, length: 1000, reward: 959.22, ewma reward: 891.78, value loss: 41.27, policy loss: -114.31
INFO:root:Episode: 540, length: 1000, reward: 836.30, ewma reward: 875.37, value loss: 39.64, policy loss: -122.78
INFO:root:Episode: 550, length: 1000, reward: 1127.40, ewma reward: 955.72, value loss: 36.27, policy loss: -137.94
INFO:root:Episode: 560, length: 1000, reward: 1013.40, ewma reward: 966.21, value loss: 33.15, policy loss: -153.16
INFO:root:Episode: 570, length: 1000, reward: 925.63, ewma reward: 943.17, value loss: 33.90, policy loss: -158.20
INFO:root:Episode: 580, length: 1000, reward: 870.36, ewma reward: 921.50, value loss: 36.64, policy loss: -160.99
INFO:root:Episode: 590, length: 1000, reward: 1015.61, ewma reward: 927.51, value loss: 37.34, policy loss: -162.09
INFO:root:Episode: 600, length: 1000, reward: 871.40, ewma reward: 907.35, value loss: 40.20, policy loss: -163.66
INFO:root:Episode: 610, length: 1000, reward: 832.37, ewma reward: 916.26, value loss: 40.61, policy loss: -165.67
INFO:root:Episode: 620, length: 1000, reward: 708.48, ewma reward: 887.94, value loss: 41.96, policy loss: -166.63
INFO:root:Episode: 630, length: 1000, reward: 622.52, ewma reward: 818.94, value loss: 45.41, policy loss: -166.59
INFO:root:Episode: 640, length: 1000, reward: 780.28, ewma reward: 800.40, value loss: 42.66, policy loss: -165.88
INFO:root:Episode: 650, length: 1000, reward: 725.29, ewma reward: 778.75, value loss: 39.66, policy loss: -164.53
INFO:root:Episode: 660, length: 1000, reward: 675.53, ewma reward: 775.63, value loss: 38.70, policy loss: -164.26
INFO:root:Episode: 670, length: 1000, reward: 677.10, ewma reward: 749.37, value loss: 41.19, policy loss: -164.21
INFO:root:Episode: 680, length: 1000, reward: 600.58, ewma reward: 730.82, value loss: 36.43, policy loss: -163.60
INFO:root:Episode: 690, length: 1000, reward: 967.22, ewma reward: 751.00, value loss: 34.87, policy loss: -162.90
INFO:root:Episode: 700, length: 1000, reward: 1072.73, ewma reward: 828.65, value loss: 34.04, policy loss: -164.64
INFO:root:Episode: 710, length: 1000, reward: 940.06, ewma reward: 877.01, value loss: 34.98, policy loss: -167.80
INFO:root:Episode: 720, length: 1000, reward: 913.77, ewma reward: 912.16, value loss: 34.39, policy loss: -168.25
INFO:root:Episode: 730, length: 1000, reward: 1130.88, ewma reward: 942.01, value loss: 38.81, policy loss: -167.47
INFO:root:Episode: 740, length: 1000, reward: 1011.94, ewma reward: 945.79, value loss: 35.22, policy loss: -167.37
INFO:root:Episode: 750, length: 1000, reward: 834.82, ewma reward: 919.06, value loss: 34.76, policy loss: -165.56
INFO:root:Episode: 760, length: 1000, reward: 966.88, ewma reward: 917.54, value loss: 37.70, policy loss: -163.13
INFO:root:Episode: 770, length: 1000, reward: 609.66, ewma reward: 771.95, value loss: 35.04, policy loss: -157.74
INFO:root:Episode: 780, length: 1000, reward: 682.27, ewma reward: 705.56, value loss: 34.99, policy loss: -151.30
INFO:root:Episode: 790, length: 1000, reward: 267.99, ewma reward: 616.86, value loss: 38.26, policy loss: -145.17
INFO:root:Episode: 800, length: 1000, reward: 564.42, ewma reward: 587.85, value loss: 38.46, policy loss: -137.74
INFO:root:Episode: 810, length: 1000, reward: 571.03, ewma reward: 520.90, value loss: 32.18, policy loss: -130.48
INFO:root:Episode: 820, length: 1000, reward: 230.17, ewma reward: 452.26, value loss: 32.64, policy loss: -123.63
INFO:root:Episode: 830, length: 1000, reward: 538.43, ewma reward: 475.56, value loss: 28.64, policy loss: -116.61
INFO:root:Episode: 840, length: 1000, reward: 678.98, ewma reward: 474.37, value loss: 27.81, policy loss: -109.20
INFO:root:Episode: 850, length: 1000, reward: 656.18, ewma reward: 500.06, value loss: 25.50, policy loss: -102.60
INFO:root:Episode: 860, length: 1000, reward: 431.31, ewma reward: 473.57, value loss: 25.02, policy loss: -96.41
INFO:root:Episode: 870, length: 1000, reward: 391.76, ewma reward: 458.19, value loss: 24.50, policy loss: -91.00
INFO:root:Episode: 880, length: 1000, reward: 305.63, ewma reward: 440.00, value loss: 24.60, policy loss: -86.49
INFO:root:lr_a = 0.002987611518856283, lr_c = 0.004945899295333642, batch_size = 149
INFO:root:Episode: 0, length: 1000, reward: -440.48, ewma reward: -22.02, value loss: 0.00, policy loss: 0.31
INFO:root:Episode: 50, length: 1000, reward: -556.22, ewma reward: 525.49, value loss: 130.86, policy loss: -84.08
INFO:root:Episode: 100, length: 1000, reward: -165.53, ewma reward: -201.30, value loss: 897.82, policy loss: -974.43
INFO:root:Episode: 150, length: 1000, reward: -526.03, ewma reward: -452.56, value loss: 584.70, policy loss: -832.16
INFO:root:Episode: 200, length: 1000, reward: -1180.23, ewma reward: -659.08, value loss: 204.39, policy loss: -438.21
INFO:root:Episode: 250, length: 1000, reward: -595.58, ewma reward: -639.89, value loss: 45.53, policy loss: -205.65
INFO:root:Episode: 300, length: 1000, reward: 570.78, ewma reward: 349.23, value loss: 12.27, policy loss: -105.14
INFO:root:Running reward is now 1010.2694353069106 and the total episode is 325.
INFO:root:lr_a = 0.008319113589712011, lr_c = 0.005833217369377364, batch_size = 69
INFO:root:Episode: 0, length: 1000, reward: -691.77, ewma reward: -34.59, value loss: 0.01, policy loss: 0.53
INFO:root:Episode: 50, length: 1000, reward: 1437.51, ewma reward: 883.63, value loss: 12.12, policy loss: -86.16
INFO:root:Running reward is now 1003.104865659762 and the total episode is 57.
INFO:root:lr_a = 0.007092080098430121, lr_c = 0.0026556612677209705, batch_size = 115
INFO:root:Episode: 0, length: 1000, reward: -598.79, ewma reward: -29.94, value loss: 0.00, policy loss: 1.02
INFO:root:lr_a = 0.002987611518856283, lr_c = 0.004945899295333642, batch_size = 149
